Modified Composite [ MassiveInventoryS2SBPEL ]
  Composite properties
	Property [ compositeID ]
		No change in old and new value 7636aa11-454e-4ac7-859c-6783d3e7f07d 
	Property [ productVersion ]
		No change in old and new value 12.2.1.2.0.161003 
	Component
	  Component  [ BPELMassiveInventoryS2S ]
	    Property [ bpel.config.oneWayDeliveryPolicy ]
		No change in old and new value async.persist 
	Service
	  Service  [ bpelmassiveinventorys2s_client_ep ]
	    Service Bindings
	  	Binding  [ ws ]
	Attribute name=port
		No change in old and new value http://xmlns.oracle.com/Application1/MassiveInventoryS2SBPEL/BPELMassiveInventoryS2S#wsdl.endpoint(bpelmassiveinventorys2s_client_ep/BPELMassiveInventoryS2S_pt) 
	Reference
	  Reference  [ DB_EXECUTE_MASSIVE_INVENTORY ]
	    Reference Bindings
	  Reference  [ SOAP_MoveProductsToStagingTbl_S2S ]
	    Reference Bindings
	  Reference  [ DB_EXECUTE_MASSIVE_INVENTORY ]
	    Property [ jca.retry.count ]
		No change in old and new value 4 
	    Property [ jca.retry.interval ]
		No change in old and new value 1 
	    Property [ jca.retry.backoff ]
		No change in old and new value 2 
	    Property [ jca.retry.maxInterval ]
		No change in old and new value 120 
	    Reference Bindings
	  	Binding  [ jca ]
	  Reference  [ SOAP_MoveProductsToStagingTbl_S2S ]
	    Reference Bindings
	  	Binding  [ ws ]
	    Property [ weblogic.wsee.wsat.transaction.flowOption ]
		No change in old and new value WSDLDriven 
	Attribute name=port
		No change in old and new value http://xmlns.oracle.com/DESA_Difarma_v1/MoveProductsToStagingTbl/moveProductsToStaging#wsdl.endpoint(moveProductsToStaging_bindQSService/moveProductsToStaging_bindQSPort) 
	Attribute name=location
		No change in old and new value http://cor4720v.difarma.cl:15003/OSB/MoveProductsToStagingTbl_S2S?wsdl 
---End Match for composite [ MassiveInventoryS2SBPEL ] in config plan---
Checking for replacement in wsdl and schema files
